<?xml version="1.0" encoding="UTF-8"?>
<robot generator="Robot 7.0 (Python 3.12.2 on linux)" generated="2024-02-28T16:33:51.091968" rpa="false" schemaversion="5">
<suite id="s1" name="Signup" source="/home/diego/Workspaces/QAx/projects/walkdog-robot/tests/signup.robot">
<test id="s1-t1" name="Deve poder casdastrar um novo dog walker" line="8">
<kw name="Create Dictionary" owner="BuiltIn">
<msg time="2024-02-28T16:33:51.555881" level="INFO">${dog_walker} = {'name': 'Diego lima', 'email': 'diegolima@getnada.com', 'cpf': '15986303504', 'cep': '01310910', 'street': 'Avenida Paulista', 'district': 'Bela Vista', 'cityUf': 'São Paulo/SP', 'number': '666', 'de...</msg>
<var>${dog_walker}</var>
<arg>name=Diego lima</arg>
<arg>email=diegolima@getnada.com</arg>
<arg>cpf=15986303504</arg>
<arg>cep=01310910</arg>
<arg>street=Avenida Paulista</arg>
<arg>district=Bela Vista</arg>
<arg>cityUf=São Paulo/SP</arg>
<arg>number=666</arg>
<arg>details=Casa</arg>
<arg>cnh=toretto.jpg</arg>
<doc>Creates and returns a dictionary based on the given ``items``.</doc>
<status status="PASS" start="2024-02-28T16:33:51.555423" elapsed="0.000504"/>
</kw>
<kw name="Go to signup page" owner="signup">
<kw name="New Browser" owner="Browser">
<msg time="2024-02-28T16:33:51.557261" level="INFO">{"browser": "firefox", "headless": false, "chromiumSandbox": false, "devtools": false, "handleSIGHUP": true, "handleSIGINT": true, "handleSIGTERM": true, "slowMo": 0.0, "timeout": 30000.0, "tracesDir": "/home/diego/Workspaces/QAx/projects/walkdog-robot/tests/logs/browser/traces/2e0f55c1-1613-4d79-b359-d6b9b72514a4"}</msg>
<msg time="2024-02-28T16:33:52.369416" level="INFO">Successfully created browser with options: {"browser":"firefox","headless":false,"chromiumSandbox":false,"devtools":false,"handleSIGHUP":true,"handleSIGINT":true,"handleSIGTERM":true,"slowMo":0,"timeout":30000,"tracesDir":"/home/diego/Workspaces/QAx/projects/walkdog-robot/tests/logs/browser/traces/2e0f55c1-1613-4d79-b359-d6b9b72514a4"}</msg>
<arg>browser=firefox</arg>
<arg>headless=False</arg>
<tag>BrowserControl</tag>
<tag>Setter</tag>
<doc>Create a new playwright Browser with specified options.</doc>
<status status="PASS" start="2024-02-28T16:33:51.556542" elapsed="0.813049"/>
</kw>
<kw name="New Page" owner="Browser">
<msg time="2024-02-28T16:33:54.579451" level="INFO">Successfully initialized new page object and opened url: https://walkdog.vercel.app/signup</msg>
<msg time="2024-02-28T16:33:54.579533" level="INFO">No context was open. New context was automatically opened when this page is created.</msg>
<arg>https://walkdog.vercel.app/signup</arg>
<tag>BrowserControl</tag>
<tag>Setter</tag>
<doc>Open a new Page.</doc>
<status status="PASS" start="2024-02-28T16:33:52.369852" elapsed="2.209826"/>
</kw>
<kw name="Wait For Elements State" owner="Browser">
<msg time="2024-02-28T16:33:54.626572" level="INFO">Waited for Element with selector form h1 at state visible</msg>
<arg>form h1</arg>
<arg>visible</arg>
<arg>5000</arg>
<tag>PageContent</tag>
<tag>Wait</tag>
<doc>Waits for the element found by ``selector`` to satisfy state option.</doc>
<status status="PASS" start="2024-02-28T16:33:54.579898" elapsed="0.046846"/>
</kw>
<kw name="Get Text" owner="Browser">
<msg time="2024-02-28T16:33:54.673596" level="INFO">Text: 'Faça seu cadastro'</msg>
<arg>form h1</arg>
<arg>equal</arg>
<arg>Faça seu cadastro</arg>
<tag>Assertion</tag>
<tag>Getter</tag>
<tag>PageContent</tag>
<doc>Returns text attribute of the element found by ``selector``.</doc>
<status status="PASS" start="2024-02-28T16:33:54.627029" elapsed="0.046709"/>
</kw>
<status status="PASS" start="2024-02-28T16:33:51.556249" elapsed="3.117660"/>
</kw>
<kw name="Fill signup form" owner="signup">
<kw name="Fill Text" owner="Browser">
<msg time="2024-02-28T16:33:54.675402" level="INFO">Fills the text 'Diego lima' in the given field.</msg>
<arg>css=input[name=name]</arg>
<arg>${dog_walker}[name]</arg>
<tag>PageContent</tag>
<tag>Setter</tag>
<doc>Clears and fills the given ``txt`` into the text field found by ``selector``.</doc>
<status status="PASS" start="2024-02-28T16:33:54.674733" elapsed="0.028979"/>
</kw>
<kw name="Fill Text" owner="Browser">
<msg time="2024-02-28T16:33:54.704499" level="INFO">Fills the text 'diegolima@getnada.com' in the given field.</msg>
<arg>css=input[name=email]</arg>
<arg>${dog_walker}[email]</arg>
<tag>PageContent</tag>
<tag>Setter</tag>
<doc>Clears and fills the given ``txt`` into the text field found by ``selector``.</doc>
<status status="PASS" start="2024-02-28T16:33:54.703954" elapsed="0.029641"/>
</kw>
<kw name="Fill Text" owner="Browser">
<msg time="2024-02-28T16:33:54.734476" level="INFO">Fills the text '15986303504' in the given field.</msg>
<arg>css=input[name=cpf]</arg>
<arg>${dog_walker}[cpf]</arg>
<tag>PageContent</tag>
<tag>Setter</tag>
<doc>Clears and fills the given ``txt`` into the text field found by ``selector``.</doc>
<status status="PASS" start="2024-02-28T16:33:54.733858" elapsed="0.024311"/>
</kw>
<kw name="Fill Text" owner="Browser">
<msg time="2024-02-28T16:33:54.759104" level="INFO">Fills the text '01310910' in the given field.</msg>
<arg>css=input[name=cep]</arg>
<arg>${dog_walker}[cep]</arg>
<tag>PageContent</tag>
<tag>Setter</tag>
<doc>Clears and fills the given ``txt`` into the text field found by ``selector``.</doc>
<status status="PASS" start="2024-02-28T16:33:54.758438" elapsed="0.024662"/>
</kw>
<kw name="Click" owner="Browser">
<arg>css=input[value="Buscar CEP"][value$=CEP]</arg>
<tag>PageContent</tag>
<tag>Setter</tag>
<doc>Simulates mouse click on the element found by ``selector``.</doc>
<status status="PASS" start="2024-02-28T16:33:54.783346" elapsed="0.089373"/>
</kw>
<kw name="Get Property" owner="Browser">
<msg time="2024-02-28T16:33:55.282704" level="INFO">Property: 'Avenida Paulista'</msg>
<arg>css=input[name="addressStreet"]</arg>
<arg>value</arg>
<arg>equal</arg>
<arg>${dog_walker}[street]</arg>
<tag>Assertion</tag>
<tag>Getter</tag>
<tag>PageContent</tag>
<doc>Returns the ``property`` of the element found by ``selector``.</doc>
<status status="PASS" start="2024-02-28T16:33:54.872960" elapsed="0.409887"/>
</kw>
<kw name="Get Property" owner="Browser">
<msg time="2024-02-28T16:33:55.299689" level="INFO">Property: 'Bela Vista'</msg>
<arg>css=input[name="addressDistrict"]</arg>
<arg>value</arg>
<arg>equal</arg>
<arg>${dog_walker}[district]</arg>
<tag>Assertion</tag>
<tag>Getter</tag>
<tag>PageContent</tag>
<doc>Returns the ``property`` of the element found by ``selector``.</doc>
<status status="PASS" start="2024-02-28T16:33:55.283109" elapsed="0.016749"/>
</kw>
<kw name="Get Property" owner="Browser">
<msg time="2024-02-28T16:33:55.312704" level="INFO">Property: 'São Paulo/SP'</msg>
<arg>css=input[name="addressCityUf"]</arg>
<arg>value</arg>
<arg>equal</arg>
<arg>${dog_walker}[cityUf]</arg>
<tag>Assertion</tag>
<tag>Getter</tag>
<tag>PageContent</tag>
<doc>Returns the ``property`` of the element found by ``selector``.</doc>
<status status="PASS" start="2024-02-28T16:33:55.300153" elapsed="0.012702"/>
</kw>
<kw name="Fill Text" owner="Browser">
<msg time="2024-02-28T16:33:55.313720" level="INFO">Fills the text '666' in the given field.</msg>
<arg>css=input[name="addressNumber"]</arg>
<arg>${dog_walker}[number]</arg>
<tag>PageContent</tag>
<tag>Setter</tag>
<doc>Clears and fills the given ``txt`` into the text field found by ``selector``.</doc>
<status status="PASS" start="2024-02-28T16:33:55.313103" elapsed="0.020646"/>
</kw>
<kw name="Fill Text" owner="Browser">
<msg time="2024-02-28T16:33:55.334602" level="INFO">Fills the text 'Casa' in the given field.</msg>
<arg>css=input[name="addressDetails"]</arg>
<arg>${dog_walker}[details]</arg>
<tag>PageContent</tag>
<tag>Setter</tag>
<doc>Clears and fills the given ``txt`` into the text field found by ``selector``.</doc>
<status status="PASS" start="2024-02-28T16:33:55.334011" elapsed="0.019686"/>
</kw>
<kw name="Upload File By Selector" owner="Browser">
<msg time="2024-02-28T16:33:55.354804" level="FAIL">ValueError: Nonexistent input file path '/home/diego/Workspaces/QAx/projects/walkdog-robot/tests/resources/fixtures/toretto.jpg'</msg>
<arg>css=input[type=file]</arg>
<arg>${EXECDIR}/resources/fixtures/${dog_walker}[cnh]</arg>
<tag>PageContent</tag>
<tag>Setter</tag>
<doc>Uploads file from `path` to file input element matched by selector.</doc>
<status status="FAIL" start="2024-02-28T16:33:55.353941" elapsed="0.002109">ValueError: Nonexistent input file path '/home/diego/Workspaces/QAx/projects/walkdog-robot/tests/resources/fixtures/toretto.jpg'</status>
</kw>
<arg>${dog_walker}</arg>
<status status="FAIL" start="2024-02-28T16:33:54.674273" elapsed="0.682030">ValueError: Nonexistent input file path '/home/diego/Workspaces/QAx/projects/walkdog-robot/tests/resources/fixtures/toretto.jpg'</status>
</kw>
<kw name="Submit signup form" owner="signup">
<status status="NOT RUN" start="2024-02-28T16:33:55.356540" elapsed="0.000045"/>
</kw>
<kw name="Popup should be" owner="signup">
<arg>Recebemos o seu cadastro e em breve retornaremos o contato.</arg>
<status status="NOT RUN" start="2024-02-28T16:33:55.356750" elapsed="0.000037"/>
</kw>
<status status="FAIL" start="2024-02-28T16:33:51.552500" elapsed="3.804491">ValueError: Nonexistent input file path '/home/diego/Workspaces/QAx/projects/walkdog-robot/tests/resources/fixtures/toretto.jpg'</status>
</test>
<doc>Suite de testes de cadastro de log dog walker</doc>
<status status="FAIL" start="2024-02-28T16:33:51.092836" elapsed="4.316414"/>
</suite>
<statistics>
<total>
<stat pass="0" fail="1" skip="0">All Tests</stat>
</total>
<tag>
</tag>
<suite>
<stat pass="0" fail="1" skip="0" id="s1" name="Signup">Signup</stat>
</suite>
</statistics>
<errors>
</errors>
</robot>
